Strained Cell Parameters for strain -0.03:
3.23098132163   0.0   0.0
-1.61549065936   2.79811190456   0.0
0.0   0.0   12.385161466089999
Contents of strain_-0.030/scf.in after update:
&CONTROL
    calculation = 'relax'
    pseudo_dir  = '/users/rkarkee/pbe_pseudo'
        outdir       = './'
        prefix = 'WSe'
        tprnfor = .true.
    tstress = .true.
/

&SYSTEM
    ecutwfc     =  80,
    ibrav       = 0,
    nat         = 6,
    ntyp        = 2,
    vdw_corr    = 'Grimme-D2'
/

&ELECTRONS
    conv_thr         =  1.00000e-10
    electron_maxstep = 200
    mixing_beta      =  0.5
    diagonalization  = "david"


/
&IONS
ion_dynamics='fire'
/
&CELL
press_conv_thr=0.01
/

K_POINTS {automatic}
6 6 2 1 1 1
 

ATOMIC_SPECIES
W  183.84  W.upf
Se 78.96  Se.upf



ATOMIC_POSITIONS (crystal)
W                0.3333333430        0.6666666870        0.7500000000
W                0.6666666270        0.3333333130        0.2500000000
Se               0.3333333430        0.6666666870        0.1196301299
Se               0.6666666270        0.3333333130        0.8803698771
Se               0.6666666270        0.3333333130        0.6196301229
Se               0.3333333430        0.6666666870        0.3803698771

CELL_PARAMETERS (angstrom)
3.23098132163   0.0   0.0
-1.61549065936   2.79811190456   0.0
0.0   0.0   12.385161466089999
Submitting relax calculation
Submitted batch job 20162830
---------------------
Strained Cell Parameters for strain -0.02:
3.26429040742   0.0   0.0
-1.63214520224   2.82695841904   0.0
0.0   0.0   12.512843543059999
Contents of strain_-0.020/scf.in after update:
&CONTROL
    calculation = 'relax'
    pseudo_dir  = '/users/rkarkee/pbe_pseudo'
        outdir       = './'
        prefix = 'WSe'
        tprnfor = .true.
    tstress = .true.
/

&SYSTEM
    ecutwfc     =  80,
    ibrav       = 0,
    nat         = 6,
    ntyp        = 2,
    vdw_corr    = 'Grimme-D2'
/

&ELECTRONS
    conv_thr         =  1.00000e-10
    electron_maxstep = 200
    mixing_beta      =  0.5
    diagonalization  = "david"


/
&IONS
ion_dynamics='fire'
/
&CELL
press_conv_thr=0.01
/

K_POINTS {automatic}
6 6 2 1 1 1
 

ATOMIC_SPECIES
W  183.84  W.upf
Se 78.96  Se.upf



ATOMIC_POSITIONS (crystal)
W                0.3333333430        0.6666666870        0.7500000000
W                0.6666666270        0.3333333130        0.2500000000
Se               0.3333333430        0.6666666870        0.1196301299
Se               0.6666666270        0.3333333130        0.8803698771
Se               0.6666666270        0.3333333130        0.6196301229
Se               0.3333333430        0.6666666870        0.3803698771

CELL_PARAMETERS (angstrom)
3.26429040742   0.0   0.0
-1.63214520224   2.82695841904   0.0
0.0   0.0   12.512843543059999
Submitting relax calculation
Submitted batch job 20162831
---------------------
Strained Cell Parameters for strain -0.01:
3.29759949321   0.0   0.0
-1.64879974512   2.85580493352   0.0
0.0   0.0   12.64052562003
Contents of strain_-0.010/scf.in after update:
&CONTROL
    calculation = 'relax'
    pseudo_dir  = '/users/rkarkee/pbe_pseudo'
        outdir       = './'
        prefix = 'WSe'
        tprnfor = .true.
    tstress = .true.
/

&SYSTEM
    ecutwfc     =  80,
    ibrav       = 0,
    nat         = 6,
    ntyp        = 2,
    vdw_corr    = 'Grimme-D2'
/

&ELECTRONS
    conv_thr         =  1.00000e-10
    electron_maxstep = 200
    mixing_beta      =  0.5
    diagonalization  = "david"


/
&IONS
ion_dynamics='fire'
/
&CELL
press_conv_thr=0.01
/

K_POINTS {automatic}
6 6 2 1 1 1
 

ATOMIC_SPECIES
W  183.84  W.upf
Se 78.96  Se.upf



ATOMIC_POSITIONS (crystal)
W                0.3333333430        0.6666666870        0.7500000000
W                0.6666666270        0.3333333130        0.2500000000
Se               0.3333333430        0.6666666870        0.1196301299
Se               0.6666666270        0.3333333130        0.8803698771
Se               0.6666666270        0.3333333130        0.6196301229
Se               0.3333333430        0.6666666870        0.3803698771

CELL_PARAMETERS (angstrom)
3.29759949321   0.0   0.0
-1.64879974512   2.85580493352   0.0
0.0   0.0   12.64052562003
Submitting relax calculation
Submitted batch job 20162832
---------------------
Strained Cell Parameters for strain 0.00:
3.330908579   0.0   0.0
-1.665454288   2.884651448   0.0
0.0   0.0   12.768207697
Contents of strain_0.000/scf.in after update:
&CONTROL
    calculation = 'relax'
    pseudo_dir  = '/users/rkarkee/pbe_pseudo'
        outdir       = './'
        prefix = 'WSe'
        tprnfor = .true.
    tstress = .true.
/

&SYSTEM
    ecutwfc     =  80,
    ibrav       = 0,
    nat         = 6,
    ntyp        = 2,
    vdw_corr    = 'Grimme-D2'
/

&ELECTRONS
    conv_thr         =  1.00000e-10
    electron_maxstep = 200
    mixing_beta      =  0.5
    diagonalization  = "david"


/
&IONS
ion_dynamics='fire'
/
&CELL
press_conv_thr=0.01
/

K_POINTS {automatic}
6 6 2 1 1 1
 

ATOMIC_SPECIES
W  183.84  W.upf
Se 78.96  Se.upf



ATOMIC_POSITIONS (crystal)
W                0.3333333430        0.6666666870        0.7500000000
W                0.6666666270        0.3333333130        0.2500000000
Se               0.3333333430        0.6666666870        0.1196301299
Se               0.6666666270        0.3333333130        0.8803698771
Se               0.6666666270        0.3333333130        0.6196301229
Se               0.3333333430        0.6666666870        0.3803698771

CELL_PARAMETERS (angstrom)
3.330908579   0.0   0.0
-1.665454288   2.884651448   0.0
0.0   0.0   12.768207697
Submitting relax calculation
Submitted batch job 20162833
---------------------
Strained Cell Parameters for strain 0.01:
3.36421766479   0.0   0.0
-1.68210883088   2.91349796248   0.0
0.0   0.0   12.89588977397
Contents of strain_0.010/scf.in after update:
&CONTROL
    calculation = 'relax'
    pseudo_dir  = '/users/rkarkee/pbe_pseudo'
        outdir       = './'
        prefix = 'WSe'
        tprnfor = .true.
    tstress = .true.
/

&SYSTEM
    ecutwfc     =  80,
    ibrav       = 0,
    nat         = 6,
    ntyp        = 2,
    vdw_corr    = 'Grimme-D2'
/

&ELECTRONS
    conv_thr         =  1.00000e-10
    electron_maxstep = 200
    mixing_beta      =  0.5
    diagonalization  = "david"


/
&IONS
ion_dynamics='fire'
/
&CELL
press_conv_thr=0.01
/

K_POINTS {automatic}
6 6 2 1 1 1
 

ATOMIC_SPECIES
W  183.84  W.upf
Se 78.96  Se.upf



ATOMIC_POSITIONS (crystal)
W                0.3333333430        0.6666666870        0.7500000000
W                0.6666666270        0.3333333130        0.2500000000
Se               0.3333333430        0.6666666870        0.1196301299
Se               0.6666666270        0.3333333130        0.8803698771
Se               0.6666666270        0.3333333130        0.6196301229
Se               0.3333333430        0.6666666870        0.3803698771

CELL_PARAMETERS (angstrom)
3.36421766479   0.0   0.0
-1.68210883088   2.91349796248   0.0
0.0   0.0   12.89588977397
Submitting relax calculation
Submitted batch job 20162835
---------------------
Strained Cell Parameters for strain 0.02:
3.39752675058   0.0   0.0
-1.69876337376   2.9423444769600002   0.0
0.0   0.0   13.02357185094
Contents of strain_0.020/scf.in after update:
&CONTROL
    calculation = 'relax'
    pseudo_dir  = '/users/rkarkee/pbe_pseudo'
        outdir       = './'
        prefix = 'WSe'
        tprnfor = .true.
    tstress = .true.
/

&SYSTEM
    ecutwfc     =  80,
    ibrav       = 0,
    nat         = 6,
    ntyp        = 2,
    vdw_corr    = 'Grimme-D2'
/

&ELECTRONS
    conv_thr         =  1.00000e-10
    electron_maxstep = 200
    mixing_beta      =  0.5
    diagonalization  = "david"


/
&IONS
ion_dynamics='fire'
/
&CELL
press_conv_thr=0.01
/

K_POINTS {automatic}
6 6 2 1 1 1
 

ATOMIC_SPECIES
W  183.84  W.upf
Se 78.96  Se.upf



ATOMIC_POSITIONS (crystal)
W                0.3333333430        0.6666666870        0.7500000000
W                0.6666666270        0.3333333130        0.2500000000
Se               0.3333333430        0.6666666870        0.1196301299
Se               0.6666666270        0.3333333130        0.8803698771
Se               0.6666666270        0.3333333130        0.6196301229
Se               0.3333333430        0.6666666870        0.3803698771

CELL_PARAMETERS (angstrom)
3.39752675058   0.0   0.0
-1.69876337376   2.9423444769600002   0.0
0.0   0.0   13.02357185094
Submitting relax calculation
Submitted batch job 20162836
---------------------
Strained Cell Parameters for strain 0.03:
3.43083583637   0.0   0.0
-1.71541791664   2.9711909914400003   0.0
0.0   0.0   13.15125392791
Contents of strain_0.030/scf.in after update:
&CONTROL
    calculation = 'relax'
    pseudo_dir  = '/users/rkarkee/pbe_pseudo'
        outdir       = './'
        prefix = 'WSe'
        tprnfor = .true.
    tstress = .true.
/

&SYSTEM
    ecutwfc     =  80,
    ibrav       = 0,
    nat         = 6,
    ntyp        = 2,
    vdw_corr    = 'Grimme-D2'
/

&ELECTRONS
    conv_thr         =  1.00000e-10
    electron_maxstep = 200
    mixing_beta      =  0.5
    diagonalization  = "david"


/
&IONS
ion_dynamics='fire'
/
&CELL
press_conv_thr=0.01
/

K_POINTS {automatic}
6 6 2 1 1 1
 

ATOMIC_SPECIES
W  183.84  W.upf
Se 78.96  Se.upf



ATOMIC_POSITIONS (crystal)
W                0.3333333430        0.6666666870        0.7500000000
W                0.6666666270        0.3333333130        0.2500000000
Se               0.3333333430        0.6666666870        0.1196301299
Se               0.6666666270        0.3333333130        0.8803698771
Se               0.6666666270        0.3333333130        0.6196301229
Se               0.3333333430        0.6666666870        0.3803698771

CELL_PARAMETERS (angstrom)
3.43083583637   0.0   0.0
-1.71541791664   2.9711909914400003   0.0
0.0   0.0   13.15125392791
Submitting relax calculation
Submitted batch job 20162837
---------------------
grep: scf.out: No such file or directory
Waiting for SCF job to finish in folder strain_0.000/...
SCF job finished in folder strain_0.000/
Number of atoms (nat) found: 6
Updated scf.in content for strain_0.000/:
&CONTROL
    calculation = 'relax'
    pseudo_dir  = '/users/rkarkee/pbe_pseudo'
        outdir       = './'
        prefix = 'WSe'
        tprnfor = .true.
    tstress = .true.
/

&SYSTEM
    ecutwfc     =  80,
    ibrav       = 0,
    nat         = 6,
    ntyp        = 2,
    vdw_corr    = 'Grimme-D2'
/

&ELECTRONS
    conv_thr         =  1.00000e-10
    electron_maxstep = 200
    mixing_beta      =  0.5
    diagonalization  = "david"


/
&IONS
ion_dynamics='fire'
/
&CELL
press_conv_thr=0.01
/

K_POINTS {automatic}
6 6 2 1 1 1
 

ATOMIC_SPECIES
W  183.84  W.upf
Se 78.96  Se.upf



CELL_PARAMETERS (angstrom)
3.330908579   0.0   0.0
-1.665454288   2.884651448   0.0
0.0   0.0   12.768207697
ATOMIC_POSITIONS (crystal)
W                0.3333333430        0.6666666870        0.7500000000
W                0.6666666270        0.3333333130        0.2500000000
Se               0.3333333430        0.6666666870        0.1196301299
Se               0.6666666270        0.3333333130        0.8803698771
Se               0.6666666270        0.3333333130        0.6196301229
Se               0.3333333430        0.6666666870        0.3803698771
---------------------
        _
  _ __ | |__   ___  _ __   ___   _ __  _   _
 | '_ \| '_ \ / _ \| '_ \ / _ \ | '_ \| | | |
 | |_) | | | | (_) | | | | (_) || |_) | |_| |
 | .__/|_| |_|\___/|_| |_|\___(_) .__/ \__, |
 |_|                            |_|    |___/
                                      2.24.2

Python version 3.10.9
Spglib version 2.3.1

Calculator interface: qe
Crystal structure was read from "scf.in".
Unit of length: au
Displacements creation mode
Settings:
  Supercell: [3 3 1]
Spacegroup: P6_3/mmc (194)
Number of symmetry operations in supercell: 216
Use -v option to watch primitive cell, unit cell, and supercell structures.

"phonopy_disp.yaml" and supercells have been created.

Summary of calculation was written in "phonopy_disp.yaml".
                 _
   ___ _ __   __| |
  / _ \ '_ \ / _` |
 |  __/ | | | (_| |
  \___|_| |_|\__,_|

Submitted batch job 20162838
Waiting for SCF job to finish in folder strain_-0.010/...
SCF job finished in folder strain_-0.010/
Number of atoms (nat) found: 6
Updated scf.in content for strain_-0.010/:
&CONTROL
    calculation = 'relax'
    pseudo_dir  = '/users/rkarkee/pbe_pseudo'
        outdir       = './'
        prefix = 'WSe'
        tprnfor = .true.
    tstress = .true.
/

&SYSTEM
    ecutwfc     =  80,
    ibrav       = 0,
    nat         = 6,
    ntyp        = 2,
    vdw_corr    = 'Grimme-D2'
/

&ELECTRONS
    conv_thr         =  1.00000e-10
    electron_maxstep = 200
    mixing_beta      =  0.5
    diagonalization  = "david"


/
&IONS
ion_dynamics='fire'
/
&CELL
press_conv_thr=0.01
/

K_POINTS {automatic}
6 6 2 1 1 1
 

ATOMIC_SPECIES
W  183.84  W.upf
Se 78.96  Se.upf



CELL_PARAMETERS (angstrom)
3.29759949321   0.0   0.0
-1.64879974512   2.85580493352   0.0
0.0   0.0   12.64052562003
ATOMIC_POSITIONS (crystal)
W                0.3333333430        0.6666666870        0.7500000000
W                0.6666666270        0.3333333130        0.2500000000
Se               0.3333333430        0.6666666870        0.1176057481
Se               0.6666666270        0.3333333130        0.8823942589
Se               0.6666666270        0.3333333130        0.6176057411
Se               0.3333333430        0.6666666870        0.3823942589
---------------------
        _
  _ __ | |__   ___  _ __   ___   _ __  _   _
 | '_ \| '_ \ / _ \| '_ \ / _ \ | '_ \| | | |
 | |_) | | | | (_) | | | | (_) || |_) | |_| |
 | .__/|_| |_|\___/|_| |_|\___(_) .__/ \__, |
 |_|                            |_|    |___/
                                      2.24.2

Python version 3.10.9
Spglib version 2.3.1

Calculator interface: qe
Crystal structure was read from "scf.in".
Unit of length: au
Displacements creation mode
Settings:
  Supercell: [3 3 1]
Spacegroup: P6_3/mmc (194)
Number of symmetry operations in supercell: 216
Use -v option to watch primitive cell, unit cell, and supercell structures.

"phonopy_disp.yaml" and supercells have been created.

Summary of calculation was written in "phonopy_disp.yaml".
                 _
   ___ _ __   __| |
  / _ \ '_ \ / _` |
 |  __/ | | | (_| |
  \___|_| |_|\__,_|

Submitted batch job 20162840
SCF job finished in folder strain_0.010/
Number of atoms (nat) found: 6
Updated scf.in content for strain_0.010/:
&CONTROL
    calculation = 'relax'
    pseudo_dir  = '/users/rkarkee/pbe_pseudo'
        outdir       = './'
        prefix = 'WSe'
        tprnfor = .true.
    tstress = .true.
/

&SYSTEM
    ecutwfc     =  80,
    ibrav       = 0,
    nat         = 6,
    ntyp        = 2,
    vdw_corr    = 'Grimme-D2'
/

&ELECTRONS
    conv_thr         =  1.00000e-10
    electron_maxstep = 200
    mixing_beta      =  0.5
    diagonalization  = "david"


/
&IONS
ion_dynamics='fire'
/
&CELL
press_conv_thr=0.01
/

K_POINTS {automatic}
6 6 2 1 1 1
 

ATOMIC_SPECIES
W  183.84  W.upf
Se 78.96  Se.upf



CELL_PARAMETERS (angstrom)
3.36421766479   0.0   0.0
-1.68210883088   2.91349796248   0.0
0.0   0.0   12.89588977397
ATOMIC_POSITIONS (crystal)
W                0.3333333430        0.6666666870        0.7500000000
W                0.6666666270        0.3333333130        0.2500000000
Se               0.3333333430        0.6666666870        0.1215895489
Se               0.6666666270        0.3333333130        0.8784104581
Se               0.6666666270        0.3333333130        0.6215895419
Se               0.3333333430        0.6666666870        0.3784104581
---------------------
        _
  _ __ | |__   ___  _ __   ___   _ __  _   _
 | '_ \| '_ \ / _ \| '_ \ / _ \ | '_ \| | | |
 | |_) | | | | (_) | | | | (_) || |_) | |_| |
 | .__/|_| |_|\___/|_| |_|\___(_) .__/ \__, |
 |_|                            |_|    |___/
                                      2.24.2

Python version 3.10.9
Spglib version 2.3.1

Calculator interface: qe
Crystal structure was read from "scf.in".
Unit of length: au
Displacements creation mode
Settings:
  Supercell: [3 3 1]
Spacegroup: P6_3/mmc (194)
Number of symmetry operations in supercell: 216
Use -v option to watch primitive cell, unit cell, and supercell structures.

"phonopy_disp.yaml" and supercells have been created.

Summary of calculation was written in "phonopy_disp.yaml".
                 _
   ___ _ __   __| |
  / _ \ '_ \ / _` |
 |  __/ | | | (_| |
  \___|_| |_|\__,_|

Submitted batch job 20162841
SCF job finished in folder strain_-0.020/
Number of atoms (nat) found: 6
Updated scf.in content for strain_-0.020/:
&CONTROL
    calculation = 'relax'
    pseudo_dir  = '/users/rkarkee/pbe_pseudo'
        outdir       = './'
        prefix = 'WSe'
        tprnfor = .true.
    tstress = .true.
/

&SYSTEM
    ecutwfc     =  80,
    ibrav       = 0,
    nat         = 6,
    ntyp        = 2,
    vdw_corr    = 'Grimme-D2'
/

&ELECTRONS
    conv_thr         =  1.00000e-10
    electron_maxstep = 200
    mixing_beta      =  0.5
    diagonalization  = "david"


/
&IONS
ion_dynamics='fire'
/
&CELL
press_conv_thr=0.01
/

K_POINTS {automatic}
6 6 2 1 1 1
 

ATOMIC_SPECIES
W  183.84  W.upf
Se 78.96  Se.upf



CELL_PARAMETERS (angstrom)
3.26429040742   0.0   0.0
-1.63214520224   2.82695841904   0.0
0.0   0.0   12.512843543059999
ATOMIC_POSITIONS (crystal)
W                0.3333333430        0.6666666870        0.7500000000
W                0.6666666270        0.3333333130        0.2500000000
Se               0.3333333430        0.6666666870        0.1155629188
Se               0.6666666270        0.3333333130        0.8844370882
Se               0.6666666270        0.3333333130        0.6155629118
Se               0.3333333430        0.6666666870        0.3844370882
---------------------
        _
  _ __ | |__   ___  _ __   ___   _ __  _   _
 | '_ \| '_ \ / _ \| '_ \ / _ \ | '_ \| | | |
 | |_) | | | | (_) | | | | (_) || |_) | |_| |
 | .__/|_| |_|\___/|_| |_|\___(_) .__/ \__, |
 |_|                            |_|    |___/
                                      2.24.2

Python version 3.10.9
Spglib version 2.3.1

Calculator interface: qe
Crystal structure was read from "scf.in".
Unit of length: au
Displacements creation mode
Settings:
  Supercell: [3 3 1]
Spacegroup: P6_3/mmc (194)
Number of symmetry operations in supercell: 216
Use -v option to watch primitive cell, unit cell, and supercell structures.

"phonopy_disp.yaml" and supercells have been created.

Summary of calculation was written in "phonopy_disp.yaml".
                 _
   ___ _ __   __| |
  / _ \ '_ \ / _` |
 |  __/ | | | (_| |
  \___|_| |_|\__,_|

Submitted batch job 20162842
SCF job finished in folder strain_0.020/
Number of atoms (nat) found: 6
Updated scf.in content for strain_0.020/:
&CONTROL
    calculation = 'relax'
    pseudo_dir  = '/users/rkarkee/pbe_pseudo'
        outdir       = './'
        prefix = 'WSe'
        tprnfor = .true.
    tstress = .true.
/

&SYSTEM
    ecutwfc     =  80,
    ibrav       = 0,
    nat         = 6,
    ntyp        = 2,
    vdw_corr    = 'Grimme-D2'
/

&ELECTRONS
    conv_thr         =  1.00000e-10
    electron_maxstep = 200
    mixing_beta      =  0.5
    diagonalization  = "david"


/
&IONS
ion_dynamics='fire'
/
&CELL
press_conv_thr=0.01
/

K_POINTS {automatic}
6 6 2 1 1 1
 

ATOMIC_SPECIES
W  183.84  W.upf
Se 78.96  Se.upf



CELL_PARAMETERS (angstrom)
3.39752675058   0.0   0.0
-1.69876337376   2.9423444769600002   0.0
0.0   0.0   13.02357185094
ATOMIC_POSITIONS (crystal)
W                0.3333333430        0.6666666870        0.7500000000
W                0.6666666270        0.3333333130        0.2500000000
Se               0.3333333430        0.6666666870        0.1233962402
Se               0.6666666270        0.3333333130        0.8766037668
Se               0.6666666270        0.3333333130        0.6233962332
Se               0.3333333430        0.6666666870        0.3766037668
---------------------
        _
  _ __ | |__   ___  _ __   ___   _ __  _   _
 | '_ \| '_ \ / _ \| '_ \ / _ \ | '_ \| | | |
 | |_) | | | | (_) | | | | (_) || |_) | |_| |
 | .__/|_| |_|\___/|_| |_|\___(_) .__/ \__, |
 |_|                            |_|    |___/
                                      2.24.2

Python version 3.10.9
Spglib version 2.3.1

Calculator interface: qe
Crystal structure was read from "scf.in".
Unit of length: au
Displacements creation mode
Settings:
  Supercell: [3 3 1]
Spacegroup: P6_3/mmc (194)
Number of symmetry operations in supercell: 216
Use -v option to watch primitive cell, unit cell, and supercell structures.

"phonopy_disp.yaml" and supercells have been created.

Summary of calculation was written in "phonopy_disp.yaml".
                 _
   ___ _ __   __| |
  / _ \ '_ \ / _` |
 |  __/ | | | (_| |
  \___|_| |_|\__,_|

Submitted batch job 20162843
SCF job finished in folder strain_-0.030/
Number of atoms (nat) found: 6
Updated scf.in content for strain_-0.030/:
&CONTROL
    calculation = 'relax'
    pseudo_dir  = '/users/rkarkee/pbe_pseudo'
        outdir       = './'
        prefix = 'WSe'
        tprnfor = .true.
    tstress = .true.
/

&SYSTEM
    ecutwfc     =  80,
    ibrav       = 0,
    nat         = 6,
    ntyp        = 2,
    vdw_corr    = 'Grimme-D2'
/

&ELECTRONS
    conv_thr         =  1.00000e-10
    electron_maxstep = 200
    mixing_beta      =  0.5
    diagonalization  = "david"


/
&IONS
ion_dynamics='fire'
/
&CELL
press_conv_thr=0.01
/

K_POINTS {automatic}
6 6 2 1 1 1
 

ATOMIC_SPECIES
W  183.84  W.upf
Se 78.96  Se.upf



CELL_PARAMETERS (angstrom)
3.23098132163   0.0   0.0
-1.61549065936   2.79811190456   0.0
0.0   0.0   12.385161466089999
ATOMIC_POSITIONS (crystal)
W                0.3333333430        0.6666666870        0.7500000000
W                0.6666666270        0.3333333130        0.2500000000
Se               0.3333333430        0.6666666870        0.1135993734
Se               0.6666666270        0.3333333130        0.8864006336
Se               0.6666666270        0.3333333130        0.6135993664
Se               0.3333333430        0.6666666870        0.3864006336
---------------------
        _
  _ __ | |__   ___  _ __   ___   _ __  _   _
 | '_ \| '_ \ / _ \| '_ \ / _ \ | '_ \| | | |
 | |_) | | | | (_) | | | | (_) || |_) | |_| |
 | .__/|_| |_|\___/|_| |_|\___(_) .__/ \__, |
 |_|                            |_|    |___/
                                      2.24.2

Python version 3.10.9
Spglib version 2.3.1

Calculator interface: qe
Crystal structure was read from "scf.in".
Unit of length: au
Displacements creation mode
Settings:
  Supercell: [3 3 1]
Spacegroup: P6_3/mmc (194)
Number of symmetry operations in supercell: 216
Use -v option to watch primitive cell, unit cell, and supercell structures.

"phonopy_disp.yaml" and supercells have been created.

Summary of calculation was written in "phonopy_disp.yaml".
                 _
   ___ _ __   __| |
  / _ \ '_ \ / _` |
 |  __/ | | | (_| |
  \___|_| |_|\__,_|

Submitted batch job 20162845
SCF job finished in folder strain_0.030/
Number of atoms (nat) found: 6
Updated scf.in content for strain_0.030/:
&CONTROL
    calculation = 'relax'
    pseudo_dir  = '/users/rkarkee/pbe_pseudo'
        outdir       = './'
        prefix = 'WSe'
        tprnfor = .true.
    tstress = .true.
/

&SYSTEM
    ecutwfc     =  80,
    ibrav       = 0,
    nat         = 6,
    ntyp        = 2,
    vdw_corr    = 'Grimme-D2'
/

&ELECTRONS
    conv_thr         =  1.00000e-10
    electron_maxstep = 200
    mixing_beta      =  0.5
    diagonalization  = "david"


/
&IONS
ion_dynamics='fire'
/
&CELL
press_conv_thr=0.01
/

K_POINTS {automatic}
6 6 2 1 1 1
 

ATOMIC_SPECIES
W  183.84  W.upf
Se 78.96  Se.upf



CELL_PARAMETERS (angstrom)
3.43083583637   0.0   0.0
-1.71541791664   2.9711909914400003   0.0
0.0   0.0   13.15125392791
ATOMIC_POSITIONS (crystal)
W                0.3333333430        0.6666666870        0.7500000000
W                0.6666666270        0.3333333130        0.2500000000
Se               0.3333333430        0.6666666870        0.1252578528
Se               0.6666666270        0.3333333130        0.8747421542
Se               0.6666666270        0.3333333130        0.6252578458
Se               0.3333333430        0.6666666870        0.3747421542
---------------------
        _
  _ __ | |__   ___  _ __   ___   _ __  _   _
 | '_ \| '_ \ / _ \| '_ \ / _ \ | '_ \| | | |
 | |_) | | | | (_) | | | | (_) || |_) | |_| |
 | .__/|_| |_|\___/|_| |_|\___(_) .__/ \__, |
 |_|                            |_|    |___/
                                      2.24.2

Python version 3.10.9
Spglib version 2.3.1

Calculator interface: qe
Crystal structure was read from "scf.in".
Unit of length: au
Displacements creation mode
Settings:
  Supercell: [3 3 1]
Spacegroup: P6_3/mmc (194)
Number of symmetry operations in supercell: 216
Use -v option to watch primitive cell, unit cell, and supercell structures.

"phonopy_disp.yaml" and supercells have been created.

Summary of calculation was written in "phonopy_disp.yaml".
                 _
   ___ _ __   __| |
  / _ \ '_ \ / _` |
 |  __/ | | | (_| |
  \___|_| |_|\__,_|

Submitted batch job 20162846
